<?xml version="1.0" encoding="UTF-8"?><testrun name="ScenarioTest" project="AdviserratingUIAutomationTest" tests="4" started="4" failures="2" errors="2" ignored="0">
  <testsuite name="runners.ScenarioTest" time="243.536">
    <testsuite name="Adviser Rating Search functionality validation" time="243.536">
      <testcase name="Check adviser's profile page displays correct practice and addresses" classname="Adviser Rating Search functionality validation" time="33.696">
        <error>org.opentest4j.AssertionFailedError: Exception Occured, please check the screenshot&#13;
	at org.junit.jupiter.api.AssertionUtils.fail(AssertionUtils.java:39)&#13;
	at org.junit.jupiter.api.Assertions.fail(Assertions.java:109)&#13;
	at com.adviserratinguiautomation.customexceptions.ExceptionHandeler.genricExceptionHandeler(ExceptionHandeler.java:19)&#13;
	at stepdefinition.AdviserRatingsSteps.user_opens_URL(AdviserRatingsSteps.java:58)&#13;
	at ✽.I Navigate to "AdviserratingURL"(file:///C:/Users/MuhammedNahaz/Videos/AdviserratingUIAutomation/AdviserratingUIAutomationNew/AdviserratingUIAutomationTest/src/test/resources/features/AdvisersRating.feature:5)&#13;
&#13;
java.lang.NullPointerException&#13;
	at stepdefinition.StepHooks.AfterScenario(StepHooks.java:65)&#13;
&#13;
</error>
      </testcase>
      <testcase name="Search for adviser by Location - use enter key" classname="Adviser Rating Search functionality validation" time="20.774">
        <error>org.opentest4j.AssertionFailedError: Exception Occured, please check the screenshot&#13;
	at org.junit.jupiter.api.AssertionUtils.fail(AssertionUtils.java:39)&#13;
	at org.junit.jupiter.api.Assertions.fail(Assertions.java:109)&#13;
	at com.adviserratinguiautomation.customexceptions.ExceptionHandeler.genricExceptionHandeler(ExceptionHandeler.java:19)&#13;
	at stepdefinition.AdviserRatingsSteps.user_opens_URL(AdviserRatingsSteps.java:58)&#13;
	at ✽.I Navigate to "AdviserratingURL"(file:///C:/Users/MuhammedNahaz/Videos/AdviserratingUIAutomation/AdviserratingUIAutomationNew/AdviserratingUIAutomationTest/src/test/resources/features/AdvisersRating.feature:22)&#13;
&#13;
java.lang.NullPointerException&#13;
	at stepdefinition.StepHooks.AfterScenario(StepHooks.java:65)&#13;
&#13;
</error>
      </testcase>
      <testcase name="Search by adviser name and check search drop down box displays correct practice and addresses" classname="Adviser Rating Search functionality validation" time="33.373"/>
      <testcase name="Search by location and distance" classname="Adviser Rating Search functionality validation" time="155.688"/>
    </testsuite>
  </testsuite>
</testrun>
