

<!DOCTYPE html>
<html>
<head>
<meta charset="UTF-8">
<meta name="viewport" content="width=device-width, initial-scale=1, shrink-to-fit=no">
<title>Cucumber-JVM</title>
<link rel="apple-touch-icon" href="https://cdn.jsdelivr.net/gh/extent-framework/extent-github-cdn@b00a2d0486596e73dd7326beacf352c639623a0e/commons/img/logo.png">
<link rel="shortcut icon" href="https://cdn.jsdelivr.net/gh/extent-framework/extent-github-cdn@b00a2d0486596e73dd7326beacf352c639623a0e/commons/img/logo.png">
<link href="https://cdn.jsdelivr.net/gh/extent-framework/extent-github-cdn@d6562a79075e061305ccfdb82f01e5e195e2d307/spark/css/spark-style.css" rel="stylesheet" />
<link href="https://stackpath.bootstrapcdn.com/font-awesome/4.7.0/css/font-awesome.min.css" rel="stylesheet">
<script src="https://cdn.jsdelivr.net/gh/extent-framework/extent-github-cdn@7cc78ce/spark/js/jsontree.js"></script>
<style type="text/css"></style></head><body class="spa bdd-report standard">
  <div class="app">
    <div class="layout">
<div class="header navbar">
<div class="vheader">
<div class="nav-logo">
<a href="#">
<div class="logo" style="background-image: url('https://cdn.jsdelivr.net/gh/extent-framework/extent-github-cdn@b00a2d0486596e73dd7326beacf352c639623a0e/commons/img/logo.png')"></div>
</a>
</div>
<ul class="nav-left">
<li class="search-box">
<a class="search-toggle" href="#">
<i class="search-icon fa fa-search"></i>
<i class="search-icon-close fa fa-close"></i>
</a>
</li>
<li class="search-input"><input id="search-tests" class="form-control" type="text" placeholder="Search..."></li>
</ul>
<ul class="nav-right">
<li class="m-r-10">
<a href="#"><span class="badge badge-primary">Test Report</span></a>
</li>
<li class="m-r-10">
<a href="#"><span class="badge badge-primary">Feb 17, 2023 03:41:51 pm</span></a>
</li>
</ul>
</div>
</div><div class="side-nav">
<div class="side-nav-inner">
<ul class="side-nav-menu">
<li class="nav-item dropdown" onclick="toggleView('test-view')">
<a id="nav-test" class="dropdown-toggle" href="#">
<span class="ico"><i class="fa fa-list"></i></span>
</a>
</li>
<li class="nav-item dropdown" onclick="toggleView('exception-view')">
<a id="nav-exception" class="dropdown-toggle" href="#">
<span class="ico"><i class="fa fa-bug"></i></span>
</a>
</li>
<li class="nav-item dropdown" onclick="toggleView('category-view')">
<a id="nav-category" class="dropdown-toggle" href="#">
<span class="ico"><i class="fa fa-tag"></i></span>
</a>
</li>
<li class="nav-item dropdown" onclick="toggleView('dashboard-view')">
<a id="nav-dashboard" class="dropdown-toggle" href="#">
<span class="ico"><i class="fa fa-bar-chart"></i></span>
</a>
</li>
</ul>
</div>
</div>      <div class="vcontainer">
        <div class="main-content">
<div class="test-wrapper row view test-view">
  <div class="test-list">
    <div class="test-list-tools">
<ul class="tools pull-left">
<li><a href="#"><span class="font-size-14">Tests</span></a></li>
</ul>
<ul class="tools text-right">
<li class="dropdown">
<a href="#" class="dropdown-toggle" data-toggle="dropdown"><i class="fa fa-exclamation-circle"></i></a>
<ul id="status-toggle" class="dropdown-menu dropdown-md p-v-0">
<a class="dropdown-item" status="fail" href="#"><span>Fail</span><span class="status danger"></span></a>
<div class="dropdown-divider"></div>
<a status="clear" class="dropdown-item" href="#"><span>Clear</span><span class="pull-right"><i class="fa fa-close"></i></span></a>
</ul>
</li>
<li class="dropdown">
<a href="#" class="dropdown-toggle" data-toggle="dropdown"><i class="fa fa-tag"></i></a>
<ul id="tag-toggle" class="dropdown-menu dropdown-md p-v-0">
<a class="dropdown-item" href="#">@AdviserRating</a>
</ul>
</li>
</ul>
</div>    <div class="test-list-wrapper scrollable">
      <ul class="test-list-item">
        <li class="test-item"  status="fail" test-id="1"
          author=""
          tag=""
          device="">
          <div class="test-detail">
            <p class="name">Adviser Rating Search functionality validation</p>
            <p class="text-sm">
              <span>3:41:51 pm</span> / <span>00:00:11:221</span>
              <span class="badge fail-bg log float-right">Fail</span>
            </p>
          </div>
          <div class="test-contents d-none">
<div class="detail-head">
<div class="p-v-10">
<div class="info">
<h5 class="test-status text-fail">Adviser Rating Search functionality validation</h5>
<span class='badge badge-success'>02.17.2023 3:41:51 pm</span>
<span class='badge badge-danger'>02.17.2023 3:42:02 pm</span>
<span class='badge badge-default'>00:00:11:221</span>
&middot; <span class='uri-anchor badge badge-default'>#test-id=1</span>
<span class='badge badge-default pointer float-right ml-1 et'><i class="fa fa-chevron-down"></i></span>
<span class='badge badge-default pointer float-right ct'><i class="fa fa-chevron-up"></i></span>
</div>
<div class="m-t-10 m-l-5"></div>
</div>
</div>
<div class="accordion mt-4">
  <div class="card">
    <div class="card-header" role="tab">
      <div class="card-title">
        <div class="node" id="2"><span class="badge log fail-bg mr-2">Fail</span>Check adviser's profile page displays correct practice And addresses</div>
      </div>
    </div>
        <div class="">
          <div class="card-body">
              <div class="step fail-bg" title="stepdefinition.AdviserRatingsSteps.user_opens_URL(java.lang.String)">
                <span>Given I Navigate to "AdviserratingURL"</span>
      <div>
        <textarea disabled class="code-block">org.opentest4j.AssertionFailedError: Exception Occured, please check the screenshot
	at org.junit.jupiter.api.AssertionUtils.fail(AssertionUtils.java:39)
	at org.junit.jupiter.api.Assertions.fail(Assertions.java:109)
	at com.adviserratinguiautomation.customexceptions.ExceptionHandeler.genricExceptionHandeler(ExceptionHandeler.java:19)
	at stepdefinition.AdviserRatingsSteps.user_opens_URL(AdviserRatingsSteps.java:58)
	at ✽.I Navigate to "AdviserratingURL"(file:///C:/Users/AbiramiGanesan/git/git/AdviserratingNew/AdviserratingUIAutomationTest/src/test/resources/features/AdvisersRating.feature:5)
</textarea>
      
      </div>
              </div>
              <div class="step skip-bg" title="stepdefinition.AdviserRatingsSteps.click_on_adviser_tab()">
                <span>When I Click on Adviser Tab</span>
      <div>Step skipped
      </div>
              </div>
              <div class="step skip-bg" title="stepdefinition.AdviserRatingsSteps.enter_on_the_search_box(java.lang.String)">
                <span>And Enter "Brett Dillon" on the Search box</span>
      <div>Step skipped
      </div>
              </div>
              <div class="step skip-bg" title="stepdefinition.AdviserRatingsSteps.dropdownselect(java.lang.String)">
                <span>And Iterate the dropdown and select "Brett Dillon"</span>
      <div>Step skipped
      </div>
              </div>
              <div class="step skip-bg" title="stepdefinition.AdviserRatingsSteps.currentUrl(java.lang.String)">
                <span>Then The current Page URL which should contain "Brett-Dillon"</span>
      <div>Step skipped
      </div>
              </div>
              <div class="step skip-bg" title="stepdefinition.AdviserRatingsSteps.adviserProfile(java.lang.String)">
                <span>And The Advisers profile image is displayed with src url contains "brett-andrew-dillon"</span>
      <div>Step skipped
      </div>
              </div>
              <div class="step skip-bg" title="stepdefinition.AdviserRatingsSteps.nameValidation(java.lang.String)">
                <span>And The name is "Brett Dillon"</span>
      <div>Step skipped
      </div>
              </div>
              <div class="step skip-bg" title="stepdefinition.AdviserRatingsSteps.adviserNameValidation(java.lang.String)">
                <span>And The Advisor name is "Saige Financial Planning Pty Ltd"</span>
      <div>Step skipped
      </div>
              </div>
              <div class="step skip-bg" title="stepdefinition.AdviserRatingsSteps.locationValidation(java.lang.String)">
                <span>And The location will be "Erina, NSW 2250"</span>
      <div>Step skipped
      </div>
              </div>
              <div class="step skip-bg" title="stepdefinition.AdviserRatingsSteps.aboutTab(java.lang.String)">
                <span>And About tab is "About Brett"</span>
      <div>Step skipped
      </div>
              </div>
              <div class="step skip-bg" title="stepdefinition.AdviserRatingsSteps.mapPinnedAddress(java.lang.String)">
                <span>When The google map is displayed with the pin to the address in "Erina, NSW 2250"</span>
      <div>Step skipped
      </div>
              </div>
              <div class="step skip-bg" title="stepdefinition.AdviserRatingsSteps.mapParameterValue(java.lang.String)">
                <span>Then The Map URL center parameter value should contains "center=-33.4386,151.3868"</span>
      <div>Step skipped
      </div>
              </div>
              <div class="step skip-bg" title="stepdefinition.AdviserRatingsSteps.practiceName(java.lang.String)">
                <span>And The  practice name is displayed under the map is 'Saige Financial Planning Pty Ltd'</span>
      <div>Step skipped
      </div>
              </div>
              <div class="step skip-bg" title="stepdefinition.AdviserRatingsSteps.practiceLogo()">
                <span>And The practice logo is displayed</span>
      <div>Step skipped
      </div>
              </div>
              <div class="step skip-bg" title="stepdefinition.AdviserRatingsSteps.addressCheck()">
                <span>And Address check is performed</span>
      <div>Step skipped
      </div>
              </div>
              <div class="step fail-bg" title="AFTER">
                <span>stepdefinition.StepHooks.AfterScenario(io.cucumber.java.Scenario)</span>
      <div>
        <textarea disabled class="code-block">org.openqa.selenium.WebDriverException: Failed to decode response from marionette
Build info: version: '4.1.0', revision: '87802e897b'
System info: host: 'LAPTOP-ABIRAMIG', ip: '192.168.29.201', os.name: 'Windows 11', os.arch: 'amd64', os.version: '10.0', java.version: '17.0.6'
Driver info: org.openqa.selenium.firefox.FirefoxDriver
Command: [ff68fed3-a1c4-45e6-aed0-10118647363a, screenshot {}]
Capabilities {acceptInsecureCerts: true, browserName: firefox, browserVersion: 102.0.1, javascriptEnabled: true, moz:accessibilityChecks: false, moz:buildID: 20220705093820, moz:debuggerAddress: localhost:54422, moz:geckodriverVersion: 0.30.0, moz:headless: false, moz:processID: 3808, moz:profile: C:\Users\ABIRAM~1\AppData\L..., moz:shutdownTimeout: 60000, moz:useNonSpecCompliantPointerOrigin: false, moz:webdriverClick: true, moz:windowless: false, pageLoadStrategy: normal, platform: WINDOWS, platformName: WINDOWS, platformVersion: 10.0, proxy: Proxy(), se:cdp: ws://localhost:54422/devtoo..., se:cdpVersion: 85, setWindowRect: true, strictFileInteractability: false, timeouts: {implicit: 0, pageLoad: 300000, script: 30000}, unhandledPromptBehavior: dismiss and notify}
Session ID: ff68fed3-a1c4-45e6-aed0-10118647363a
	at java.base/jdk.internal.reflect.NativeConstructorAccessorImpl.newInstance0(Native Method)
	at java.base/jdk.internal.reflect.NativeConstructorAccessorImpl.newInstance(NativeConstructorAccessorImpl.java:77)
	at java.base/jdk.internal.reflect.DelegatingConstructorAccessorImpl.newInstance(DelegatingConstructorAccessorImpl.java:45)
	at java.base/java.lang.reflect.Constructor.newInstanceWithCaller(Constructor.java:499)
	at java.base/java.lang.reflect.Constructor.newInstance(Constructor.java:480)
	at org.openqa.selenium.remote.codec.w3c.W3CHttpResponseCodec.createException(W3CHttpResponseCodec.java:200)
	at org.openqa.selenium.remote.codec.w3c.W3CHttpResponseCodec.decode(W3CHttpResponseCodec.java:133)
	at org.openqa.selenium.remote.codec.w3c.W3CHttpResponseCodec.decode(W3CHttpResponseCodec.java:53)
	at org.openqa.selenium.remote.HttpCommandExecutor.execute(HttpCommandExecutor.java:184)
	at org.openqa.selenium.remote.service.DriverCommandExecutor.invokeExecute(DriverCommandExecutor.java:164)
	at org.openqa.selenium.remote.service.DriverCommandExecutor.execute(DriverCommandExecutor.java:139)
	at org.openqa.selenium.remote.RemoteWebDriver.execute(RemoteWebDriver.java:559)
	at org.openqa.selenium.remote.RemoteWebDriver.execute(RemoteWebDriver.java:614)
	at org.openqa.selenium.remote.RemoteWebDriver.execute(RemoteWebDriver.java:618)
	at org.openqa.selenium.remote.RemoteWebDriver.getScreenshotAs(RemoteWebDriver.java:349)
	at stepdefinition.StepHooks.AfterScenario(StepHooks.java:61)
</textarea>
      
      </div>
              </div>
          </div>
        </div>
  </div>
  <div class="card">
    <div class="card-header" role="tab">
      <div class="card-title">
        <div class="node" id="20"><span class="badge log fail-bg mr-2">Fail</span>Search for adviser by Location - use enter key</div>
      </div>
    </div>
        <div class="">
          <div class="card-body">
              <div class="step fail-bg" title="stepdefinition.AdviserRatingsSteps.user_opens_URL(java.lang.String)">
                <span>Given I Navigate to "AdviserratingURL"</span>
      <div>
        <textarea disabled class="code-block">org.opentest4j.AssertionFailedError: Exception Occured, please check the screenshot
	at org.junit.jupiter.api.AssertionUtils.fail(AssertionUtils.java:39)
	at org.junit.jupiter.api.Assertions.fail(Assertions.java:109)
	at com.adviserratinguiautomation.customexceptions.ExceptionHandeler.genricExceptionHandeler(ExceptionHandeler.java:19)
	at stepdefinition.AdviserRatingsSteps.user_opens_URL(AdviserRatingsSteps.java:58)
	at ✽.I Navigate to "AdviserratingURL"(file:///C:/Users/AbiramiGanesan/git/git/AdviserratingNew/AdviserratingUIAutomationTest/src/test/resources/features/AdvisersRating.feature:22)
</textarea>
      
      </div>
              </div>
              <div class="step skip-bg" title="stepdefinition.AdviserRatingsSteps.Go_to_location_Tab()">
                <span>And Go to location Tab</span>
      <div>Step skipped
      </div>
              </div>
              <div class="step skip-bg" title="stepdefinition.AdviserRatingsSteps.enter_inside_the_search_box1(java.lang.String)">
                <span>When I Enter "Sydney" inside the Search box</span>
      <div>Step skipped
      </div>
              </div>
              <div class="step skip-bg" title="stepdefinition.AdviserRatingsSteps.selectLocationFeild(java.lang.String)">
                <span>And Find "Sydney, NSW 2000" in the address drop down search box and check it is highlighted</span>
      <div>Step skipped
      </div>
              </div>
              <div class="step skip-bg" title="stepdefinition.AdviserRatingsSteps.verifylocation(java.lang.String)">
                <span>And Check "Sydney, NSW 2000" is populated into the location field</span>
      <div>Step skipped
      </div>
              </div>
              <div class="step skip-bg" title="stepdefinition.AdviserRatingsSteps.click_on_enter_key()">
                <span>When click on Enter key</span>
      <div>Step skipped
      </div>
              </div>
              <div class="step skip-bg" title="stepdefinition.AdviserRatingsSteps.currentUrl(java.lang.String)">
                <span>Then The current Page URL which should contain "Sydney-NSW-2000"</span>
      <div>Step skipped
      </div>
              </div>
              <div class="step skip-bg" title="stepdefinition.AdviserRatingsSteps.location_name(java.lang.String)">
                <span>And location name should be "Sydney, NSW 2000"</span>
      <div>Step skipped
      </div>
              </div>
              <div class="step skip-bg" title="stepdefinition.AdviserRatingsSteps.Distance_value(java.lang.String)">
                <span>And Distance should be displayed as "10km"</span>
      <div>Step skipped
      </div>
              </div>
              <div class="step skip-bg" title="stepdefinition.AdviserRatingsSteps.listViewVerify()">
                <span>And check the view is ListView</span>
      <div>Step skipped
      </div>
              </div>
              <div class="step skip-bg" title="stepdefinition.AdviserRatingsSteps.ascendingorder()">
                <span>And check ascendingorder of KMRange</span>
      <div>Step skipped
      </div>
              </div>
              <div class="step fail-bg" title="AFTER">
                <span>stepdefinition.StepHooks.AfterScenario(io.cucumber.java.Scenario)</span>
      <div>
        <textarea disabled class="code-block">org.openqa.selenium.NoSuchSessionException: Tried to run command without establishing a connection
Build info: version: '4.1.0', revision: '87802e897b'
System info: host: 'LAPTOP-ABIRAMIG', ip: '192.168.29.201', os.name: 'Windows 11', os.arch: 'amd64', os.version: '10.0', java.version: '17.0.6'
Driver info: org.openqa.selenium.firefox.FirefoxDriver
Command: [ff68fed3-a1c4-45e6-aed0-10118647363a, screenshot {}]
Capabilities {acceptInsecureCerts: true, browserName: firefox, browserVersion: 102.0.1, javascriptEnabled: true, moz:accessibilityChecks: false, moz:buildID: 20220705093820, moz:debuggerAddress: localhost:54422, moz:geckodriverVersion: 0.30.0, moz:headless: false, moz:processID: 3808, moz:profile: C:\Users\ABIRAM~1\AppData\L..., moz:shutdownTimeout: 60000, moz:useNonSpecCompliantPointerOrigin: false, moz:webdriverClick: true, moz:windowless: false, pageLoadStrategy: normal, platform: WINDOWS, platformName: WINDOWS, platformVersion: 10.0, proxy: Proxy(), se:cdp: ws://localhost:54422/devtoo..., se:cdpVersion: 85, setWindowRect: true, strictFileInteractability: false, timeouts: {implicit: 0, pageLoad: 300000, script: 30000}, unhandledPromptBehavior: dismiss and notify}
Session ID: ff68fed3-a1c4-45e6-aed0-10118647363a
	at java.base/jdk.internal.reflect.NativeConstructorAccessorImpl.newInstance0(Native Method)
	at java.base/jdk.internal.reflect.NativeConstructorAccessorImpl.newInstance(NativeConstructorAccessorImpl.java:77)
	at java.base/jdk.internal.reflect.DelegatingConstructorAccessorImpl.newInstance(DelegatingConstructorAccessorImpl.java:45)
	at java.base/java.lang.reflect.Constructor.newInstanceWithCaller(Constructor.java:499)
	at java.base/java.lang.reflect.Constructor.newInstance(Constructor.java:480)
	at org.openqa.selenium.remote.codec.w3c.W3CHttpResponseCodec.createException(W3CHttpResponseCodec.java:200)
	at org.openqa.selenium.remote.codec.w3c.W3CHttpResponseCodec.decode(W3CHttpResponseCodec.java:133)
	at org.openqa.selenium.remote.codec.w3c.W3CHttpResponseCodec.decode(W3CHttpResponseCodec.java:53)
	at org.openqa.selenium.remote.HttpCommandExecutor.execute(HttpCommandExecutor.java:184)
	at org.openqa.selenium.remote.service.DriverCommandExecutor.invokeExecute(DriverCommandExecutor.java:164)
	at org.openqa.selenium.remote.service.DriverCommandExecutor.execute(DriverCommandExecutor.java:139)
	at org.openqa.selenium.remote.RemoteWebDriver.execute(RemoteWebDriver.java:559)
	at org.openqa.selenium.remote.RemoteWebDriver.execute(RemoteWebDriver.java:614)
	at org.openqa.selenium.remote.RemoteWebDriver.execute(RemoteWebDriver.java:618)
	at org.openqa.selenium.remote.RemoteWebDriver.getScreenshotAs(RemoteWebDriver.java:349)
	at stepdefinition.StepHooks.AfterScenario(StepHooks.java:61)
</textarea>
      
      </div>
              </div>
          </div>
        </div>
  </div>
  <div class="card">
    <div class="card-header" role="tab">
      <div class="card-title">
        <div class="node" id="34"><span class="badge log fail-bg mr-2">Fail</span>Search by adviser name and check search drop down box displays correct practice and addresses</div>
      </div>
    </div>
        <div class="">
          <div class="card-body">
              <div class="step fail-bg" title="stepdefinition.AdviserRatingsSteps.user_opens_URL(java.lang.String)">
                <span>Given I Navigate to "AdviserratingURL"</span>
      <div>
        <textarea disabled class="code-block">org.opentest4j.AssertionFailedError: Exception Occured, please check the screenshot
	at org.junit.jupiter.api.AssertionUtils.fail(AssertionUtils.java:39)
	at org.junit.jupiter.api.Assertions.fail(Assertions.java:109)
	at com.adviserratinguiautomation.customexceptions.ExceptionHandeler.genricExceptionHandeler(ExceptionHandeler.java:19)
	at stepdefinition.AdviserRatingsSteps.user_opens_URL(AdviserRatingsSteps.java:58)
	at ✽.I Navigate to "AdviserratingURL"(file:///C:/Users/AbiramiGanesan/git/git/AdviserratingNew/AdviserratingUIAutomationTest/src/test/resources/features/AdvisersRating.feature:35)
</textarea>
      
      </div>
              </div>
              <div class="step skip-bg" title="stepdefinition.AdviserRatingsSteps.click_on_adviser_tab()">
                <span>When I Click on Adviser Tab</span>
      <div>Step skipped
      </div>
              </div>
              <div class="step skip-bg" title="stepdefinition.AdviserRatingsSteps.enter_on_the_search_box(java.lang.String)">
                <span>And Enter "Brett Dillon" on the Search box</span>
      <div>Step skipped
      </div>
              </div>
              <div class="step skip-bg" title="stepdefinition.AdviserRatingsSteps.dropdown_should_be_displayed_with(java.lang.String)">
                <span>Then Dropdown should be displayed with "Brett Dillon"</span>
      <div>Step skipped
      </div>
              </div>
              <div class="step skip-bg" title="stepdefinition.AdviserRatingsSteps.dropdown_should_be_highlighted_for_the(java.lang.String)">
                <span>And Dropdown should be highlighted for the "Brett Dillon"</span>
      <div>Step skipped
      </div>
              </div>
              <div class="step skip-bg" title="stepdefinition.AdviserRatingsSteps.practice_under_the_should_be(java.lang.String,java.lang.String)">
                <span>And Practice under the "Brett Dillon" should be "Saige Financial Planning Pty Ltd"</span>
      <div>Step skipped
      </div>
              </div>
              <div class="step skip-bg" title="stepdefinition.AdviserRatingsSteps.two_locations_should_be_listed_next_to_the_and(java.lang.String,java.lang.String)">
                <span>And Two locations should be listed next to the adviser as "Erina, NSW 2250" and "Sydney, NSW 2000"</span>
      <div>Step skipped
      </div>
              </div>
              <div class="step skip-bg" title="stepdefinition.AdviserRatingsSteps.enter_key()">
                <span>When On clicking Enter key</span>
      <div>Step skipped
      </div>
              </div>
              <div class="step skip-bg" title="stepdefinition.AdviserRatingsSteps.currentUrl(java.lang.String)">
                <span>Then The current Page URL which should contain "Brett-Dillon"</span>
      <div>Step skipped
      </div>
              </div>
              <div class="step fail-bg" title="AFTER">
                <span>stepdefinition.StepHooks.AfterScenario(io.cucumber.java.Scenario)</span>
      <div>
        <textarea disabled class="code-block">org.openqa.selenium.NoSuchSessionException: Tried to run command without establishing a connection
Build info: version: '4.1.0', revision: '87802e897b'
System info: host: 'LAPTOP-ABIRAMIG', ip: '192.168.29.201', os.name: 'Windows 11', os.arch: 'amd64', os.version: '10.0', java.version: '17.0.6'
Driver info: org.openqa.selenium.firefox.FirefoxDriver
Command: [ff68fed3-a1c4-45e6-aed0-10118647363a, screenshot {}]
Capabilities {acceptInsecureCerts: true, browserName: firefox, browserVersion: 102.0.1, javascriptEnabled: true, moz:accessibilityChecks: false, moz:buildID: 20220705093820, moz:debuggerAddress: localhost:54422, moz:geckodriverVersion: 0.30.0, moz:headless: false, moz:processID: 3808, moz:profile: C:\Users\ABIRAM~1\AppData\L..., moz:shutdownTimeout: 60000, moz:useNonSpecCompliantPointerOrigin: false, moz:webdriverClick: true, moz:windowless: false, pageLoadStrategy: normal, platform: WINDOWS, platformName: WINDOWS, platformVersion: 10.0, proxy: Proxy(), se:cdp: ws://localhost:54422/devtoo..., se:cdpVersion: 85, setWindowRect: true, strictFileInteractability: false, timeouts: {implicit: 0, pageLoad: 300000, script: 30000}, unhandledPromptBehavior: dismiss and notify}
Session ID: ff68fed3-a1c4-45e6-aed0-10118647363a
	at java.base/jdk.internal.reflect.NativeConstructorAccessorImpl.newInstance0(Native Method)
	at java.base/jdk.internal.reflect.NativeConstructorAccessorImpl.newInstance(NativeConstructorAccessorImpl.java:77)
	at java.base/jdk.internal.reflect.DelegatingConstructorAccessorImpl.newInstance(DelegatingConstructorAccessorImpl.java:45)
	at java.base/java.lang.reflect.Constructor.newInstanceWithCaller(Constructor.java:499)
	at java.base/java.lang.reflect.Constructor.newInstance(Constructor.java:480)
	at org.openqa.selenium.remote.codec.w3c.W3CHttpResponseCodec.createException(W3CHttpResponseCodec.java:200)
	at org.openqa.selenium.remote.codec.w3c.W3CHttpResponseCodec.decode(W3CHttpResponseCodec.java:133)
	at org.openqa.selenium.remote.codec.w3c.W3CHttpResponseCodec.decode(W3CHttpResponseCodec.java:53)
	at org.openqa.selenium.remote.HttpCommandExecutor.execute(HttpCommandExecutor.java:184)
	at org.openqa.selenium.remote.service.DriverCommandExecutor.invokeExecute(DriverCommandExecutor.java:164)
	at org.openqa.selenium.remote.service.DriverCommandExecutor.execute(DriverCommandExecutor.java:139)
	at org.openqa.selenium.remote.RemoteWebDriver.execute(RemoteWebDriver.java:559)
	at org.openqa.selenium.remote.RemoteWebDriver.execute(RemoteWebDriver.java:614)
	at org.openqa.selenium.remote.RemoteWebDriver.execute(RemoteWebDriver.java:618)
	at org.openqa.selenium.remote.RemoteWebDriver.getScreenshotAs(RemoteWebDriver.java:349)
	at stepdefinition.StepHooks.AfterScenario(StepHooks.java:61)
</textarea>
      
      </div>
              </div>
          </div>
        </div>
  </div>
  <div class="card">
    <div class="card-header" role="tab">
      <div class="card-title">
        <div class="node" id="46"><span class="badge log fail-bg mr-2">Fail</span>Search by location And distance</div>
      </div>
    </div>
        <div class="">
          <div class="card-body">
              <div class="step fail-bg" title="stepdefinition.AdviserRatingsSteps.user_opens_URL(java.lang.String)">
                <span>Given I Navigate to "AdviserratingURL"</span>
      <div>
        <textarea disabled class="code-block">org.opentest4j.AssertionFailedError: Exception Occured, please check the screenshot
	at org.junit.jupiter.api.AssertionUtils.fail(AssertionUtils.java:39)
	at org.junit.jupiter.api.Assertions.fail(Assertions.java:109)
	at com.adviserratinguiautomation.customexceptions.ExceptionHandeler.genricExceptionHandeler(ExceptionHandeler.java:19)
	at stepdefinition.AdviserRatingsSteps.user_opens_URL(AdviserRatingsSteps.java:58)
	at ✽.I Navigate to "AdviserratingURL"(file:///C:/Users/AbiramiGanesan/git/git/AdviserratingNew/AdviserratingUIAutomationTest/src/test/resources/features/AdvisersRating.feature:46)
</textarea>
      
      </div>
              </div>
              <div class="step skip-bg" title="stepdefinition.AdviserRatingsSteps.Go_to_location_Tab()">
                <span>And Go to location Tab</span>
      <div>Step skipped
      </div>
              </div>
              <div class="step skip-bg" title="stepdefinition.AdviserRatingsSteps.enter_inside_the_search_box1(java.lang.String)">
                <span>When I Enter "800" inside the Search box</span>
      <div>Step skipped
      </div>
              </div>
              <div class="step skip-bg" title="stepdefinition.AdviserRatingsSteps.Address_dropdown_should_be_displayed_with(java.lang.String)">
                <span>Then Find "Darwin, NT 0800" from the Address search dropdown and click on it</span>
      <div>Step skipped
      </div>
              </div>
              <div class="step skip-bg" title="stepdefinition.AdviserRatingsSteps.selectvalueSearch(java.lang.String)">
                <span>And select for "5km" from dropdown and click search</span>
      <div>Step skipped
      </div>
              </div>
              <div class="step skip-bg" title="stepdefinition.AdviserRatingsSteps.currentUrl(java.lang.String)">
                <span>Then The current Page URL which should contain "Darwin-NT-0800"</span>
      <div>Step skipped
      </div>
              </div>
              <div class="step skip-bg" title="stepdefinition.AdviserRatingsSteps.location_name(java.lang.String)">
                <span>And location name should be "Darwin, NT 0800"</span>
      <div>Step skipped
      </div>
              </div>
              <div class="step skip-bg" title="stepdefinition.AdviserRatingsSteps.Distance_value(java.lang.String)">
                <span>And Distance should be displayed as "5km"</span>
      <div>Step skipped
      </div>
              </div>
              <div class="step skip-bg" title="stepdefinition.AdviserRatingsSteps.ascendingorder()">
                <span>And check ascendingorder of KMRange</span>
      <div>Step skipped
      </div>
              </div>
              <div class="step skip-bg" title="stepdefinition.AdviserRatingsSteps.descendingOrder()">
                <span>And check descendingorder of KMRange</span>
      <div>Step skipped
      </div>
              </div>
              <div class="step fail-bg" title="AFTER">
                <span>stepdefinition.StepHooks.AfterScenario(io.cucumber.java.Scenario)</span>
      <div>
        <textarea disabled class="code-block">org.openqa.selenium.NoSuchSessionException: Tried to run command without establishing a connection
Build info: version: '4.1.0', revision: '87802e897b'
System info: host: 'LAPTOP-ABIRAMIG', ip: '192.168.29.201', os.name: 'Windows 11', os.arch: 'amd64', os.version: '10.0', java.version: '17.0.6'
Driver info: org.openqa.selenium.firefox.FirefoxDriver
Command: [ff68fed3-a1c4-45e6-aed0-10118647363a, screenshot {}]
Capabilities {acceptInsecureCerts: true, browserName: firefox, browserVersion: 102.0.1, javascriptEnabled: true, moz:accessibilityChecks: false, moz:buildID: 20220705093820, moz:debuggerAddress: localhost:54422, moz:geckodriverVersion: 0.30.0, moz:headless: false, moz:processID: 3808, moz:profile: C:\Users\ABIRAM~1\AppData\L..., moz:shutdownTimeout: 60000, moz:useNonSpecCompliantPointerOrigin: false, moz:webdriverClick: true, moz:windowless: false, pageLoadStrategy: normal, platform: WINDOWS, platformName: WINDOWS, platformVersion: 10.0, proxy: Proxy(), se:cdp: ws://localhost:54422/devtoo..., se:cdpVersion: 85, setWindowRect: true, strictFileInteractability: false, timeouts: {implicit: 0, pageLoad: 300000, script: 30000}, unhandledPromptBehavior: dismiss and notify}
Session ID: ff68fed3-a1c4-45e6-aed0-10118647363a
	at java.base/jdk.internal.reflect.NativeConstructorAccessorImpl.newInstance0(Native Method)
	at java.base/jdk.internal.reflect.NativeConstructorAccessorImpl.newInstance(NativeConstructorAccessorImpl.java:77)
	at java.base/jdk.internal.reflect.DelegatingConstructorAccessorImpl.newInstance(DelegatingConstructorAccessorImpl.java:45)
	at java.base/java.lang.reflect.Constructor.newInstanceWithCaller(Constructor.java:499)
	at java.base/java.lang.reflect.Constructor.newInstance(Constructor.java:480)
	at org.openqa.selenium.remote.codec.w3c.W3CHttpResponseCodec.createException(W3CHttpResponseCodec.java:200)
	at org.openqa.selenium.remote.codec.w3c.W3CHttpResponseCodec.decode(W3CHttpResponseCodec.java:133)
	at org.openqa.selenium.remote.codec.w3c.W3CHttpResponseCodec.decode(W3CHttpResponseCodec.java:53)
	at org.openqa.selenium.remote.HttpCommandExecutor.execute(HttpCommandExecutor.java:184)
	at org.openqa.selenium.remote.service.DriverCommandExecutor.invokeExecute(DriverCommandExecutor.java:164)
	at org.openqa.selenium.remote.service.DriverCommandExecutor.execute(DriverCommandExecutor.java:139)
	at org.openqa.selenium.remote.RemoteWebDriver.execute(RemoteWebDriver.java:559)
	at org.openqa.selenium.remote.RemoteWebDriver.execute(RemoteWebDriver.java:614)
	at org.openqa.selenium.remote.RemoteWebDriver.execute(RemoteWebDriver.java:618)
	at org.openqa.selenium.remote.RemoteWebDriver.getScreenshotAs(RemoteWebDriver.java:349)
	at stepdefinition.StepHooks.AfterScenario(StepHooks.java:61)
</textarea>
      
      </div>
              </div>
          </div>
        </div>
  </div>
</div>
          </div>
        </li>
        <li class="test-item"  status="fail" test-id="59"
          author=""
          tag=""
          device="">
          <div class="test-detail">
            <p class="name">Demo</p>
            <p class="text-sm">
              <span>3:42:02 pm</span> / <span>00:00:00:101</span>
              <span class="badge fail-bg log float-right">Fail</span>
            </p>
          </div>
          <div class="test-contents d-none">
<div class="detail-head">
<div class="p-v-10">
<div class="info">
<h5 class="test-status text-fail">Demo</h5>
<span class='badge badge-success'>02.17.2023 3:42:02 pm</span>
<span class='badge badge-danger'>02.17.2023 3:42:03 pm</span>
<span class='badge badge-default'>00:00:00:101</span>
&middot; <span class='uri-anchor badge badge-default'>#test-id=59</span>
<span class='badge badge-default pointer float-right ml-1 et'><i class="fa fa-chevron-down"></i></span>
<span class='badge badge-default pointer float-right ct'><i class="fa fa-chevron-up"></i></span>
</div>
<div class="m-t-10 m-l-5"></div>
</div>
</div>
<div class="accordion mt-4">
  <div class="card">
    <div class="card-header" role="tab">
      <div class="card-title">
        <div class="node" id="60"><span class="badge log fail-bg mr-2">Fail</span>Check adviser's profile page displays correct practice And addresses</div>
      </div>
    </div>
        <div class="">
          <div class="card-body">
              <div class="step fail-bg" title="stepdefinition.AdviserRatingsSteps.user_opens_URL(java.lang.String)">
                <span>Given I Navigate to "AdviserratingURL"</span>
      <div>
        <textarea disabled class="code-block">org.opentest4j.AssertionFailedError: Exception Occured, please check the screenshot
	at org.junit.jupiter.api.AssertionUtils.fail(AssertionUtils.java:39)
	at org.junit.jupiter.api.Assertions.fail(Assertions.java:109)
	at com.adviserratinguiautomation.customexceptions.ExceptionHandeler.genricExceptionHandeler(ExceptionHandeler.java:19)
	at stepdefinition.AdviserRatingsSteps.user_opens_URL(AdviserRatingsSteps.java:58)
	at ✽.I Navigate to "AdviserratingURL"(file:///C:/Users/AbiramiGanesan/git/git/AdviserratingNew/AdviserratingUIAutomationTest/src/test/resources/features/AdvisersRatingdemo.feature:5)
</textarea>
      
      </div>
              </div>
              <div class="step skip-bg" title="stepdefinition.AdviserRatingsSteps.click_on_adviser_tab()">
                <span>When I Click on Adviser Tab</span>
      <div>Step skipped
      </div>
              </div>
              <div class="step skip-bg" title="stepdefinition.AdviserRatingsSteps.enter_on_the_search_box(java.lang.String)">
                <span>And Enter "Brett Dillon" on the Search box</span>
      <div>Step skipped
      </div>
              </div>
              <div class="step skip-bg" title="stepdefinition.AdviserRatingsSteps.dropdownselect(java.lang.String)">
                <span>And Iterate the dropdown and select "Brett Dillon"</span>
      <div>Step skipped
      </div>
              </div>
              <div class="step skip-bg" title="stepdefinition.AdviserRatingsSteps.currentUrl(java.lang.String)">
                <span>Then The current Page URL which should contain "Brett-Dillon"</span>
      <div>Step skipped
      </div>
              </div>
              <div class="step skip-bg" title="stepdefinition.AdviserRatingsSteps.adviserProfile(java.lang.String)">
                <span>And The Advisers profile image is displayed with src url contains "brett-andrew-dillon"</span>
      <div>Step skipped
      </div>
              </div>
              <div class="step skip-bg" title="stepdefinition.AdviserRatingsSteps.nameValidation(java.lang.String)">
                <span>And The name is "Brett Dillon"</span>
      <div>Step skipped
      </div>
              </div>
              <div class="step skip-bg" title="stepdefinition.AdviserRatingsSteps.adviserNameValidation(java.lang.String)">
                <span>And The Advisor name is "Saige Financial Planning Pty Ltd"</span>
      <div>Step skipped
      </div>
              </div>
              <div class="step skip-bg" title="stepdefinition.AdviserRatingsSteps.locationValidation(java.lang.String)">
                <span>And The location will be "Erina, NSW 2250"</span>
      <div>Step skipped
      </div>
              </div>
              <div class="step skip-bg" title="stepdefinition.AdviserRatingsSteps.aboutTab(java.lang.String)">
                <span>And About tab is "About Brett"</span>
      <div>Step skipped
      </div>
              </div>
              <div class="step skip-bg" title="stepdefinition.AdviserRatingsSteps.mapPinnedAddress(java.lang.String)">
                <span>When The google map is displayed with the pin to the address in "Erina, NSW 2250"</span>
      <div>Step skipped
      </div>
              </div>
              <div class="step skip-bg" title="stepdefinition.AdviserRatingsSteps.mapParameterValue(java.lang.String)">
                <span>Then The Map URL center parameter value should contains "center=-33.4386,151.3868"</span>
      <div>Step skipped
      </div>
              </div>
              <div class="step skip-bg" title="stepdefinition.AdviserRatingsSteps.practiceName(java.lang.String)">
                <span>And The  practice name is displayed under the map is 'Saige Financial Planning Pty Ltd'</span>
      <div>Step skipped
      </div>
              </div>
              <div class="step skip-bg" title="stepdefinition.AdviserRatingsSteps.practiceLogo()">
                <span>And The practice logo is displayed</span>
      <div>Step skipped
      </div>
              </div>
              <div class="step skip-bg" title="stepdefinition.AdviserRatingsSteps.addressCheck()">
                <span>And Address check is performed</span>
      <div>Step skipped
      </div>
              </div>
              <div class="step fail-bg" title="AFTER">
                <span>stepdefinition.StepHooks.AfterScenario(io.cucumber.java.Scenario)</span>
      <div>
        <textarea disabled class="code-block">org.openqa.selenium.NoSuchSessionException: Tried to run command without establishing a connection
Build info: version: '4.1.0', revision: '87802e897b'
System info: host: 'LAPTOP-ABIRAMIG', ip: '192.168.29.201', os.name: 'Windows 11', os.arch: 'amd64', os.version: '10.0', java.version: '17.0.6'
Driver info: org.openqa.selenium.firefox.FirefoxDriver
Command: [ff68fed3-a1c4-45e6-aed0-10118647363a, screenshot {}]
Capabilities {acceptInsecureCerts: true, browserName: firefox, browserVersion: 102.0.1, javascriptEnabled: true, moz:accessibilityChecks: false, moz:buildID: 20220705093820, moz:debuggerAddress: localhost:54422, moz:geckodriverVersion: 0.30.0, moz:headless: false, moz:processID: 3808, moz:profile: C:\Users\ABIRAM~1\AppData\L..., moz:shutdownTimeout: 60000, moz:useNonSpecCompliantPointerOrigin: false, moz:webdriverClick: true, moz:windowless: false, pageLoadStrategy: normal, platform: WINDOWS, platformName: WINDOWS, platformVersion: 10.0, proxy: Proxy(), se:cdp: ws://localhost:54422/devtoo..., se:cdpVersion: 85, setWindowRect: true, strictFileInteractability: false, timeouts: {implicit: 0, pageLoad: 300000, script: 30000}, unhandledPromptBehavior: dismiss and notify}
Session ID: ff68fed3-a1c4-45e6-aed0-10118647363a
	at java.base/jdk.internal.reflect.NativeConstructorAccessorImpl.newInstance0(Native Method)
	at java.base/jdk.internal.reflect.NativeConstructorAccessorImpl.newInstance(NativeConstructorAccessorImpl.java:77)
	at java.base/jdk.internal.reflect.DelegatingConstructorAccessorImpl.newInstance(DelegatingConstructorAccessorImpl.java:45)
	at java.base/java.lang.reflect.Constructor.newInstanceWithCaller(Constructor.java:499)
	at java.base/java.lang.reflect.Constructor.newInstance(Constructor.java:480)
	at org.openqa.selenium.remote.codec.w3c.W3CHttpResponseCodec.createException(W3CHttpResponseCodec.java:200)
	at org.openqa.selenium.remote.codec.w3c.W3CHttpResponseCodec.decode(W3CHttpResponseCodec.java:133)
	at org.openqa.selenium.remote.codec.w3c.W3CHttpResponseCodec.decode(W3CHttpResponseCodec.java:53)
	at org.openqa.selenium.remote.HttpCommandExecutor.execute(HttpCommandExecutor.java:184)
	at org.openqa.selenium.remote.service.DriverCommandExecutor.invokeExecute(DriverCommandExecutor.java:164)
	at org.openqa.selenium.remote.service.DriverCommandExecutor.execute(DriverCommandExecutor.java:139)
	at org.openqa.selenium.remote.RemoteWebDriver.execute(RemoteWebDriver.java:559)
	at org.openqa.selenium.remote.RemoteWebDriver.execute(RemoteWebDriver.java:614)
	at org.openqa.selenium.remote.RemoteWebDriver.execute(RemoteWebDriver.java:618)
	at org.openqa.selenium.remote.RemoteWebDriver.getScreenshotAs(RemoteWebDriver.java:349)
	at stepdefinition.StepHooks.AfterScenario(StepHooks.java:61)
</textarea>
      
      </div>
              </div>
          </div>
        </div>
  </div>
</div>
          </div>
        </li>
      </ul>
    </div>
  </div>
<div class="test-content scrollable">
<div class="test-content-tools">
<ul><li><a class="back-to-test" href="#"><i class="fa fa-arrow-left"></i></a></li></ul>
</div>
<div class="test-content-detail"><div class="detail-body"></div></div>
</div></div>
<div class="test-wrapper row view exception-view attributes-view">
<div class="test-list">
<div class="test-list-tools">
<ul class="tools pull-left"><li><a href=""><span class="font-size-14">Exception</span></a></li></ul>
<ul class="tools text-right"><li><a href="#"><span class="badge badge-primary">3</span></a></li></ul>
</div>
<div class="test-list-wrapper scrollable">
<ul class="test-list-item">
<li class="test-item">
<div class="test-detail">
<span class="meta">
<span class='badge log badge-danger'>5</span>
</span>
<p class="name">org.opentest4j.AssertionFailedError</p>
<p class="duration text-sm">5 tests</p>
</div>
<div class="test-contents d-none">
<div class="info">
<h4>org.opentest4j.AssertionFailedError</h4>
<span status="fail" class='badge log badge-danger'>5 failed</span>
</div>
<table class='table table-sm mt-4'>
<thead>
<tr>
<th class="status-col">Status</th>
<th class="timestamp-col">Timestamp</th>
<th>TestName</th>
</tr>
</thead>
<tbody>
<tr class="tag-test-status" status="fail">
<td><span class="badge log fail-bg">Fail</span></td>
<td>15:41:54 pm</td>
<td>
<a href="#" class="linked" test-id='1' id='4'>Given I Navigate to "AdviserratingURL"</a>
<div class="">
<span class="badge badge-default">Adviser Rating Search functionality validation.Check adviser's profile page displays correct practice And addresses.Given I Navigate to "AdviserratingURL"</span>
</div>
</td>
</tr>
<tr class="tag-test-status" status="fail">
<td><span class="badge log fail-bg">Fail</span></td>
<td>15:42:02 pm</td>
<td>
<a href="#" class="linked" test-id='1' id='22'>Given I Navigate to "AdviserratingURL"</a>
<div class="">
<span class="badge badge-default">Adviser Rating Search functionality validation.Search for adviser by Location - use enter key.Given I Navigate to "AdviserratingURL"</span>
</div>
</td>
</tr>
<tr class="tag-test-status" status="fail">
<td><span class="badge log fail-bg">Fail</span></td>
<td>15:42:02 pm</td>
<td>
<a href="#" class="linked" test-id='1' id='36'>Given I Navigate to "AdviserratingURL"</a>
<div class="">
<span class="badge badge-default">Adviser Rating Search functionality validation.Search by adviser name and check search drop down box displays correct practice and addresses.Given I Navigate to "AdviserratingURL"</span>
</div>
</td>
</tr>
<tr class="tag-test-status" status="fail">
<td><span class="badge log fail-bg">Fail</span></td>
<td>15:42:02 pm</td>
<td>
<a href="#" class="linked" test-id='1' id='48'>Given I Navigate to "AdviserratingURL"</a>
<div class="">
<span class="badge badge-default">Adviser Rating Search functionality validation.Search by location And distance.Given I Navigate to "AdviserratingURL"</span>
</div>
</td>
</tr>
<tr class="tag-test-status" status="fail">
<td><span class="badge log fail-bg">Fail</span></td>
<td>15:42:02 pm</td>
<td>
<a href="#" class="linked" test-id='59' id='62'>Given I Navigate to "AdviserratingURL"</a>
<div class="">
<span class="badge badge-default">Demo.Check adviser's profile page displays correct practice And addresses.Given I Navigate to "AdviserratingURL"</span>
</div>
</td>
</tr>
</tbody>
</table>
</div>
</li>
<li class="test-item">
<div class="test-detail">
<span class="meta">
<span class='badge log badge-danger'>1</span>
</span>
<p class="name">org.openqa.selenium.WebDriverException</p>
<p class="duration text-sm">1 tests</p>
</div>
<div class="test-contents d-none">
<div class="info">
<h4>org.openqa.selenium.WebDriverException</h4>
<span status="fail" class='badge log badge-danger'>1 failed</span>
</div>
<table class='table table-sm mt-4'>
<thead>
<tr>
<th class="status-col">Status</th>
<th class="timestamp-col">Timestamp</th>
<th>TestName</th>
</tr>
</thead>
<tbody>
<tr class="tag-test-status" status="fail">
<td><span class="badge log fail-bg">Fail</span></td>
<td>15:42:02 pm</td>
<td>
<a href="#" class="linked" test-id='1' id='19'>stepdefinition.StepHooks.AfterScenario(io.cucumber.java.Scenario)</a>
<div class="">
<span class="badge badge-default">Adviser Rating Search functionality validation.Check adviser's profile page displays correct practice And addresses.stepdefinition.StepHooks.AfterScenario(io.cucumber.java.Scenario)</span>
</div>
</td>
</tr>
</tbody>
</table>
</div>
</li>
<li class="test-item">
<div class="test-detail">
<span class="meta">
<span class='badge log badge-danger'>4</span>
</span>
<p class="name">org.openqa.selenium.NoSuchSessionException</p>
<p class="duration text-sm">4 tests</p>
</div>
<div class="test-contents d-none">
<div class="info">
<h4>org.openqa.selenium.NoSuchSessionException</h4>
<span status="fail" class='badge log badge-danger'>4 failed</span>
</div>
<table class='table table-sm mt-4'>
<thead>
<tr>
<th class="status-col">Status</th>
<th class="timestamp-col">Timestamp</th>
<th>TestName</th>
</tr>
</thead>
<tbody>
<tr class="tag-test-status" status="fail">
<td><span class="badge log fail-bg">Fail</span></td>
<td>15:42:02 pm</td>
<td>
<a href="#" class="linked" test-id='1' id='33'>stepdefinition.StepHooks.AfterScenario(io.cucumber.java.Scenario)</a>
<div class="">
<span class="badge badge-default">Adviser Rating Search functionality validation.Search for adviser by Location - use enter key.stepdefinition.StepHooks.AfterScenario(io.cucumber.java.Scenario)</span>
</div>
</td>
</tr>
<tr class="tag-test-status" status="fail">
<td><span class="badge log fail-bg">Fail</span></td>
<td>15:42:02 pm</td>
<td>
<a href="#" class="linked" test-id='1' id='45'>stepdefinition.StepHooks.AfterScenario(io.cucumber.java.Scenario)</a>
<div class="">
<span class="badge badge-default">Adviser Rating Search functionality validation.Search by adviser name and check search drop down box displays correct practice and addresses.stepdefinition.StepHooks.AfterScenario(io.cucumber.java.Scenario)</span>
</div>
</td>
</tr>
<tr class="tag-test-status" status="fail">
<td><span class="badge log fail-bg">Fail</span></td>
<td>15:42:02 pm</td>
<td>
<a href="#" class="linked" test-id='1' id='58'>stepdefinition.StepHooks.AfterScenario(io.cucumber.java.Scenario)</a>
<div class="">
<span class="badge badge-default">Adviser Rating Search functionality validation.Search by location And distance.stepdefinition.StepHooks.AfterScenario(io.cucumber.java.Scenario)</span>
</div>
</td>
</tr>
<tr class="tag-test-status" status="fail">
<td><span class="badge log fail-bg">Fail</span></td>
<td>15:42:03 pm</td>
<td>
<a href="#" class="linked" test-id='59' id='77'>stepdefinition.StepHooks.AfterScenario(io.cucumber.java.Scenario)</a>
<div class="">
<span class="badge badge-default">Demo.Check adviser's profile page displays correct practice And addresses.stepdefinition.StepHooks.AfterScenario(io.cucumber.java.Scenario)</span>
</div>
</td>
</tr>
</tbody>
</table>
</div>
</li>
</ul>
</div>
</div>
<div class="test-content scrollable">
<div class="test-content-detail">
<div class="detail-body"></div>
</div>
</div>
</div><div class="test-wrapper row view category-view attributes-view">
<div class="test-list">
<div class="test-list-tools">
<ul class="tools pull-left"><li><a href=""><span class="font-size-14">Category</span></a></li></ul>
<ul class="tools text-right"><li><a href="#"><span class="badge badge-primary">1</span></a></li></ul>
</div>
<div class="test-list-wrapper scrollable">
<ul class="test-list-item">
<li class="test-item">
<div class="test-detail">
<span class="meta">
<span class='badge log badge-danger'>5</span>
</span>
<p class="name">@AdviserRating</p>
<p class="duration text-sm">5 tests</p>
</div>
<div class="test-contents d-none">
<div class="info">
<h4>@AdviserRating</h4>
<span status="fail" class='badge log badge-danger'>5 failed</span>
</div>
<table class='table table-sm mt-4'>
<thead>
<tr>
<th class="status-col">Status</th>
<th class="timestamp-col">Timestamp</th>
<th>TestName</th>
</tr>
</thead>
<tbody>
<tr class="tag-test-status" status="fail">
<td><span class="badge log fail-bg">Fail</span></td>
<td>15:41:51 pm</td>
<td>
<a href="#" class="linked" test-id='1' id='2'>Check adviser's profile page displays correct practice And addresses</a>
<div class="">
<span class="badge badge-default">Adviser Rating Search functionality validation.Check adviser's profile page displays correct practice And addresses</span>
</div>
</td>
</tr>
<tr class="tag-test-status" status="fail">
<td><span class="badge log fail-bg">Fail</span></td>
<td>15:42:02 pm</td>
<td>
<a href="#" class="linked" test-id='1' id='20'>Search for adviser by Location - use enter key</a>
<div class="">
<span class="badge badge-default">Adviser Rating Search functionality validation.Search for adviser by Location - use enter key</span>
</div>
</td>
</tr>
<tr class="tag-test-status" status="fail">
<td><span class="badge log fail-bg">Fail</span></td>
<td>15:42:02 pm</td>
<td>
<a href="#" class="linked" test-id='1' id='34'>Search by adviser name and check search drop down box displays correct practice and addresses</a>
<div class="">
<span class="badge badge-default">Adviser Rating Search functionality validation.Search by adviser name and check search drop down box displays correct practice and addresses</span>
</div>
</td>
</tr>
<tr class="tag-test-status" status="fail">
<td><span class="badge log fail-bg">Fail</span></td>
<td>15:42:02 pm</td>
<td>
<a href="#" class="linked" test-id='1' id='46'>Search by location And distance</a>
<div class="">
<span class="badge badge-default">Adviser Rating Search functionality validation.Search by location And distance</span>
</div>
</td>
</tr>
<tr class="tag-test-status" status="fail">
<td><span class="badge log fail-bg">Fail</span></td>
<td>15:42:02 pm</td>
<td>
<a href="#" class="linked" test-id='59' id='60'>Check adviser's profile page displays correct practice And addresses</a>
<div class="">
<span class="badge badge-default">Demo.Check adviser's profile page displays correct practice And addresses</span>
</div>
</td>
</tr>
</tbody>
</table>
</div>
</li>
</ul>
</div>
</div>
<div class="test-content scrollable">
<div class="test-content-detail">
<div class="detail-body"></div>
</div>
</div>
</div><div class="container-fluid p-4 view dashboard-view">
<div class="row">
<div class="col-md-3">
<div class="card"><div class="card-body">
<p class="m-b-0">Started</p>
<h3>Feb 17, 2023 03:41:51 pm</h3>
</div></div>
</div>
<div class="col-md-3">
<div class="card"><div class="card-body">
<p class="m-b-0">Ended</p>
<h3>Feb 17, 2023 03:42:03 pm</h3>
</div></div>
</div>
<div class="col-md-3">
<div class="card"><div class="card-body">
<p class="m-b-0 text-pass">Features Passed</p>
<h3>0</h3>
</div></div>
</div>
<div class="col-md-3">
<div class="card"><div class="card-body">
<p class="m-b-0 text-fail">Features Failed</p>
<h3>2</h3>
</div></div>
</div>
</div>
<div class="row">
<div class="col-md-4">
<div class="card">
<div class="card-header">
<h6 class="card-title">Features</h6>
</div>
<div class="card-body">
<div class="">
<canvas id='parent-analysis' width='115' height='90'></canvas>
</div>
</div>
<div class="card-footer">
<div><small data-tooltip='0%'>
<b>0</b> features passed
</small>
</div>
<div>
<small data-tooltip='100%'><b>2</b> features failed,
<b>0</b> skipped, <b data-tooltip='0%'>0</b> others
</small>
</div>
</div>
</div>
</div>
<div class="col-md-4">
<div class="card">
<div class="card-header">
<h6 class="card-title">Scenarios</h6>
</div>
<div class="card-body">
<div class="">
<canvas id='child-analysis' width='115' height='90'></canvas>
</div>
</div>
<div class="card-footer">
<div><small data-tooltip='0%'><b>0</b> scenarios passed</small></div>
<div>
<small data-tooltip='100%'><b>5</b> scenarios failed,
<b>0</b> skipped, <b data-tooltip='%'>0</b> others
</small>
</div>
</div>
</div>
</div>
<div class="col-md-4">
<div class="card">
<div class="card-header">
<h6 class="card-title">Steps</h6>
</div>
<div class="card-body">
<div class="">
<canvas id='grandchild-analysis' width='115' height='90'></canvas>
</div>
</div>
<div class="card-footer">
<div><small data-tooltip='0%'><b>0</b> steps passed</small></div>
<div>
<small data-tooltip='15%'><b>10</b> steps failed,
<b>55</b> skipped, <b data-tooltip='%'>0</b> others
</small>
</div>
</div>
</div>
</div>
</div>
<div class="row"><div class="col-md-12">
<div class="card"><div class="card-header"><p>Timeline</p></div>
<div class="card-body pt-0"><div>
<canvas id="timeline" height="120"></canvas>
</div></div>
</div>
</div></div>
<script>
var timeline = {
"Adviser Rating Search functionality validation":11.221,"Demo":0.101
};
</script>
<div class="row">
<div class="col-lg-6 col-md-12 category-container">
<div class="card">
<div class="card-header"><p>Tags</p></div>
<div class="card-body pb-0 pt-0"><table class="table table-sm table-bordered">
<thead><tr class="bg-gray"><th>Name</th><th>Passed</th><th>Failed</th><th>Skipped</th><th>Others</th><th>Passed %</th></tr></thead><tbody>
<tr>
<td>@AdviserRating</td>
<td>0</td>
<td>5</td>
<td>0</td>
<td>0</td>
<td>0%</td>
</tr>
</tbody>
</table></div>
</div>
</div>
</div>
</div>
<script>
var statusGroup = {
parentCount: 5,
passParent: 0,
failParent: 2,
warningParent: 0,
skipParent: 0,
childCount: 5,
passChild: 0,
failChild: 5,
warningChild: 0,
skipChild: 0,
infoChild: 0,
grandChildCount: 5,
passGrandChild: 0,
failGrandChild: 10,
warningGrandChild: 0,
skipGrandChild: 55,
infoGrandChild: 0,
eventsCount: 5,
};
</script>        </div>
      </div>
    </div>
  </div>
<script src="https://cdn.jsdelivr.net/gh/extent-framework/extent-github-cdn@d6562a79075e061305ccfdb82f01e5e195e2d307/spark/js/spark-script.js"></script>
<script type="text/javascript"></script></body>
</html>